demo/build/app/intermediates/manifest_merge_blame_file/debug/manifest-merger-blame-debug-report.txt
1<?xml version="1.0" encoding="utf-8"?>
2<manifest xmlns:android="http://schemas.android.com/apk/res/android"
3    package="com.example.demo"
4    android:versionCode="1"
5    android:versionName="1.0.0" >
6
7    <uses-sdk
8        android:minSdkVersion="21"
9        android:targetSdkVersion="33" />
10    <!--
11         The INTERNET permission is required for development. Specifically,
12         the Flutter tool needs it to communicate with the running application
13         to allow setting breakpoints, to provide hot reload, etc.
14    -->
15    <uses-permission android:name="android.permission.INTERNET" />
15-->src\debug\AndroidManifest.xml:6:5-66
15-->src\debug\AndroidManifest.xml:6:22-64
16    <uses-permission android:name="android.permission.CAMERA" /> <!-- Although the *SdkVersion is captured in gradle build files, this is required for non gradle builds -->
16-->src\main\AndroidManifest.xml:3:5-65
16-->src\main\AndroidManifest.xml:3:22-62
17    <!-- <uses-sdk android:minSdkVersion="14"/> -->
18    <uses-permission android:name="android.permission.ACCESS_NETWORK_STATE" />
18-->[com.google.android.datatransport:transport-backend-cct:2.3.3] AndroidManifest.xml:25:5-79
18-->[com.google.android.datatransport:transport-backend-cct:2.3.3] AndroidManifest.xml:25:22-76
19    <uses-permission android:name="android.permission.WAKE_LOCK" />
19-->[com.google.android.gms:play-services-measurement-api:21.5.0] AndroidManifest.xml:24:5-68
19-->[com.google.android.gms:play-services-measurement-api:21.5.0] AndroidManifest.xml:24:22-65
20    <uses-permission android:name="com.google.android.gms.permission.AD_ID" />
20-->[com.google.android.gms:play-services-measurement-api:21.5.0] AndroidManifest.xml:25:5-79
20-->[com.google.android.gms:play-services-measurement-api:21.5.0] AndroidManifest.xml:25:22-76
21    <uses-permission android:name="android.permission.ACCESS_ADSERVICES_ATTRIBUTION" />
21-->[com.google.android.gms:play-services-measurement-api:21.5.0] AndroidManifest.xml:26:5-88
21-->[com.google.android.gms:play-services-measurement-api:21.5.0] AndroidManifest.xml:26:22-85
22    <uses-permission android:name="android.permission.ACCESS_ADSERVICES_AD_ID" />
22-->[com.google.android.gms:play-services-measurement-api:21.5.0] AndroidManifest.xml:27:5-82
22-->[com.google.android.gms:play-services-measurement-api:21.5.0] AndroidManifest.xml:27:22-79
23    <uses-permission android:name="com.google.android.finsky.permission.BIND_GET_INSTALL_REFERRER_SERVICE" />
23-->[com.google.android.gms:play-services-measurement:21.5.0] AndroidManifest.xml:26:5-110
23-->[com.google.android.gms:play-services-measurement:21.5.0] AndroidManifest.xml:26:22-107
24
25    <permission
25-->[androidx.core:core:1.10.1] AndroidManifest.xml:22:5-24:47
26        android:name="com.example.demo.DYNAMIC_RECEIVER_NOT_EXPORTED_PERMISSION"
26-->[androidx.core:core:1.10.1] AndroidManifest.xml:23:9-81
27        android:protectionLevel="signature" />
27-->[androidx.core:core:1.10.1] AndroidManifest.xml:24:9-44
28
29    <uses-permission android:name="com.example.demo.DYNAMIC_RECEIVER_NOT_EXPORTED_PERMISSION" /> <!-- Don't require camera, as this requires a rear camera. This allows it to work on the Nexus 7 -->
29-->[androidx.core:core:1.10.1] AndroidManifest.xml:26:5-97
29-->[androidx.core:core:1.10.1] AndroidManifest.xml:26:22-94
30    <uses-feature
30-->[com.journeyapps:zxing-android-embedded:4.3.0] AndroidManifest.xml:25:5-27:36
31        android:name="android.hardware.camera"
31-->[com.journeyapps:zxing-android-embedded:4.3.0] AndroidManifest.xml:26:9-47
32        android:required="false" />
32-->[com.journeyapps:zxing-android-embedded:4.3.0] AndroidManifest.xml:27:9-33
33    <uses-feature
33-->[com.journeyapps:zxing-android-embedded:4.3.0] AndroidManifest.xml:28:5-30:36
34        android:name="android.hardware.camera.front"
34-->[com.journeyapps:zxing-android-embedded:4.3.0] AndroidManifest.xml:29:9-53
35        android:required="false" /> <!-- TODO replace above two with next line after Android 4.2 -->
35-->[com.journeyapps:zxing-android-embedded:4.3.0] AndroidManifest.xml:30:9-33
36    <!-- <uses-feature android:name="android.hardware.camera.any"/> -->
37    <uses-feature
37-->[com.journeyapps:zxing-android-embedded:4.3.0] AndroidManifest.xml:33:5-35:36
38        android:name="android.hardware.camera.autofocus"
38-->[com.journeyapps:zxing-android-embedded:4.3.0] AndroidManifest.xml:34:9-57
39        android:required="false" />
39-->[com.journeyapps:zxing-android-embedded:4.3.0] AndroidManifest.xml:35:9-33
40    <uses-feature
40-->[com.journeyapps:zxing-android-embedded:4.3.0] AndroidManifest.xml:36:5-38:36
41        android:name="android.hardware.camera.flash"
41-->[com.journeyapps:zxing-android-embedded:4.3.0] AndroidManifest.xml:37:9-53
42        android:required="false" />
42-->[com.journeyapps:zxing-android-embedded:4.3.0] AndroidManifest.xml:38:9-33
43    <uses-feature
43-->[com.journeyapps:zxing-android-embedded:4.3.0] AndroidManifest.xml:39:5-41:36
44        android:name="android.hardware.screen.landscape"
44-->[com.journeyapps:zxing-android-embedded:4.3.0] AndroidManifest.xml:40:9-57
45        android:required="false" />
45-->[com.journeyapps:zxing-android-embedded:4.3.0] AndroidManifest.xml:41:9-33
46    <uses-feature
46-->[com.journeyapps:zxing-android-embedded:4.3.0] AndroidManifest.xml:42:5-44:36
47        android:name="android.hardware.wifi"
47-->[com.journeyapps:zxing-android-embedded:4.3.0] AndroidManifest.xml:43:9-45
48        android:required="false" />
48-->[com.journeyapps:zxing-android-embedded:4.3.0] AndroidManifest.xml:44:9-33
49
50    <application
51        android:name="android.app.Application"
52        android:appComponentFactory="androidx.core.app.CoreComponentFactory"
52-->[androidx.core:core:1.10.1] AndroidManifest.xml:28:18-86
53        android:debuggable="true"
54        android:icon="@mipmap/ic_launcher"
55        android:label="Truy xuất nguồn gốc DLU" >
56        <activity
57            android:name="com.example.demo.MainActivity"
58            android:configChanges="orientation|keyboardHidden|keyboard|screenSize|smallestScreenSize|locale|layoutDirection|fontScale|screenLayout|density|uiMode"
59            android:exported="true"
60            android:hardwareAccelerated="true"
61            android:launchMode="singleTop"
62            android:theme="@style/LaunchTheme"
63            android:windowSoftInputMode="adjustResize" >
64
65            <!--
66                 Specifies an Android theme to apply to this Activity as soon as
67                 the Android process has started. This theme is visible to the user
68                 while the Flutter UI initializes. After that, this theme continues
69                 to determine the Window background behind the Flutter UI.
70            -->
71            <meta-data
72                android:name="io.flutter.embedding.android.NormalTheme"
73                android:resource="@style/NormalTheme" />
74
75            <intent-filter>
76                <action android:name="android.intent.action.MAIN" />
77
78                <category android:name="android.intent.category.LAUNCHER" />
79            </intent-filter>
80        </activity>
81        <!--
82             Don't delete the meta-data below.
83             This is used by the Flutter tool to generate GeneratedPluginRegistrant.java
84        -->
85        <meta-data
86            android:name="flutterEmbedding"
87            android:value="2" />
88
89        <service
89-->[:firebase_auth] AndroidManifest.xml:10:9-14:19
90            android:name="com.google.firebase.components.ComponentDiscoveryService"
90-->[:firebase_auth] AndroidManifest.xml:10:18-89
91            android:directBootAware="true"
91-->[com.google.firebase:firebase-common:20.4.2] AndroidManifest.xml:32:13-43
92            android:exported="false" >
92-->[com.google.firebase:firebase-auth:22.2.0] AndroidManifest.xml:68:13-37
93            <meta-data
93-->[:firebase_auth] AndroidManifest.xml:11:13-13:85
94                android:name="com.google.firebase.components:io.flutter.plugins.firebase.auth.FlutterFirebaseAuthRegistrar"
94-->[:firebase_auth] AndroidManifest.xml:12:17-124
95                android:value="com.google.firebase.components.ComponentRegistrar" />
95-->[:firebase_auth] AndroidManifest.xml:13:17-82
96            <meta-data
96-->[:firebase_core] AndroidManifest.xml:11:13-13:85
97                android:name="com.google.firebase.components:io.flutter.plugins.firebase.core.FlutterFirebaseCoreRegistrar"
97-->[:firebase_core] AndroidManifest.xml:12:17-124
98                android:value="com.google.firebase.components.ComponentRegistrar" />
98-->[:firebase_core] AndroidManifest.xml:13:17-82
99            <meta-data
99-->[com.google.firebase:firebase-auth:22.2.0] AndroidManifest.xml:69:13-71:85
100                android:name="com.google.firebase.components:com.google.firebase.auth.FirebaseAuthRegistrar"
100-->[com.google.firebase:firebase-auth:22.2.0] AndroidManifest.xml:70:17-109
101                android:value="com.google.firebase.components.ComponentRegistrar" />
101-->[com.google.firebase:firebase-auth:22.2.0] AndroidManifest.xml:71:17-82
102            <meta-data
102-->[com.google.android.gms:play-services-measurement-api:21.5.0] AndroidManifest.xml:37:13-39:85
103                android:name="com.google.firebase.components:com.google.firebase.analytics.connector.internal.AnalyticsConnectorRegistrar"
103-->[com.google.android.gms:play-services-measurement-api:21.5.0] AndroidManifest.xml:38:17-139
104                android:value="com.google.firebase.components.ComponentRegistrar" />
104-->[com.google.android.gms:play-services-measurement-api:21.5.0] AndroidManifest.xml:39:17-82
105            <meta-data
105-->[com.google.firebase:firebase-installations:17.2.0] AndroidManifest.xml:15:13-17:85
106                android:name="com.google.firebase.components:com.google.firebase.installations.FirebaseInstallationsKtxRegistrar"
106-->[com.google.firebase:firebase-installations:17.2.0] AndroidManifest.xml:16:17-130
107                android:value="com.google.firebase.components.ComponentRegistrar" />
107-->[com.google.firebase:firebase-installations:17.2.0] AndroidManifest.xml:17:17-82
108            <meta-data
108-->[com.google.firebase:firebase-installations:17.2.0] AndroidManifest.xml:18:13-20:85
109                android:name="com.google.firebase.components:com.google.firebase.installations.FirebaseInstallationsRegistrar"
109-->[com.google.firebase:firebase-installations:17.2.0] AndroidManifest.xml:19:17-127
110                android:value="com.google.firebase.components.ComponentRegistrar" />
110-->[com.google.firebase:firebase-installations:17.2.0] AndroidManifest.xml:20:17-82
111            <meta-data
111-->[com.google.firebase:firebase-common-ktx:20.4.2] AndroidManifest.xml:12:13-14:85
112                android:name="com.google.firebase.components:com.google.firebase.ktx.FirebaseCommonLegacyRegistrar"
112-->[com.google.firebase:firebase-common-ktx:20.4.2] AndroidManifest.xml:13:17-116
113                android:value="com.google.firebase.components.ComponentRegistrar" />
113-->[com.google.firebase:firebase-common-ktx:20.4.2] AndroidManifest.xml:14:17-82
114            <meta-data
114-->[com.google.firebase:firebase-common:20.4.2] AndroidManifest.xml:35:13-37:85
115                android:name="com.google.firebase.components:com.google.firebase.FirebaseCommonKtxRegistrar"
115-->[com.google.firebase:firebase-common:20.4.2] AndroidManifest.xml:36:17-109
116                android:value="com.google.firebase.components.ComponentRegistrar" />
116-->[com.google.firebase:firebase-common:20.4.2] AndroidManifest.xml:37:17-82
117        </service>
118
119        <provider
119-->[:image_picker_android] AndroidManifest.xml:10:9-18:20
120            android:name="io.flutter.plugins.imagepicker.ImagePickerFileProvider"
120-->[:image_picker_android] AndroidManifest.xml:11:13-82
121            android:authorities="com.example.demo.flutter.image_provider"
121-->[:image_picker_android] AndroidManifest.xml:12:13-74
122            android:exported="false"
122-->[:image_picker_android] AndroidManifest.xml:13:13-37
123            android:grantUriPermissions="true" >
123-->[:image_picker_android] AndroidManifest.xml:14:13-47
124            <meta-data
124-->[:image_picker_android] AndroidManifest.xml:15:13-17:75
125                android:name="android.support.FILE_PROVIDER_PATHS"
125-->[:image_picker_android] AndroidManifest.xml:16:17-67
126                android:resource="@xml/flutter_image_picker_file_paths" />
126-->[:image_picker_android] AndroidManifest.xml:17:17-72
127        </provider>
128
129        <service
129-->[com.google.android.gms:play-services-mlkit-barcode-scanning:18.0.0] AndroidManifest.xml:9:9-15:19
130            android:name="com.google.mlkit.common.internal.MlKitComponentDiscoveryService"
130-->[com.google.android.gms:play-services-mlkit-barcode-scanning:18.0.0] AndroidManifest.xml:10:13-91
131            android:directBootAware="true"
131-->[com.google.mlkit:common:18.0.0] AndroidManifest.xml:17:13-43
132            android:exported="false" >
132-->[com.google.android.gms:play-services-mlkit-barcode-scanning:18.0.0] AndroidManifest.xml:11:13-37
133            <meta-data
133-->[com.google.android.gms:play-services-mlkit-barcode-scanning:18.0.0] AndroidManifest.xml:12:13-14:85
134                android:name="com.google.firebase.components:com.google.mlkit.vision.barcode.internal.BarcodeRegistrar"
134-->[com.google.android.gms:play-services-mlkit-barcode-scanning:18.0.0] AndroidManifest.xml:13:17-120
135                android:value="com.google.firebase.components.ComponentRegistrar" />
135-->[com.google.android.gms:play-services-mlkit-barcode-scanning:18.0.0] AndroidManifest.xml:14:17-82
136            <meta-data
136-->[com.google.mlkit:vision-common:17.0.0] AndroidManifest.xml:12:13-14:85
137                android:name="com.google.firebase.components:com.google.mlkit.vision.common.internal.VisionCommonRegistrar"
137-->[com.google.mlkit:vision-common:17.0.0] AndroidManifest.xml:13:17-124
138                android:value="com.google.firebase.components.ComponentRegistrar" />
138-->[com.google.mlkit:vision-common:17.0.0] AndroidManifest.xml:14:17-82
139            <meta-data
139-->[com.google.mlkit:common:18.0.0] AndroidManifest.xml:20:13-22:85
140                android:name="com.google.firebase.components:com.google.mlkit.common.internal.CommonComponentRegistrar"
140-->[com.google.mlkit:common:18.0.0] AndroidManifest.xml:21:17-120
141                android:value="com.google.firebase.components.ComponentRegistrar" />
141-->[com.google.mlkit:common:18.0.0] AndroidManifest.xml:22:17-82
142        </service>
143
144        <provider
144-->[com.google.mlkit:common:18.0.0] AndroidManifest.xml:9:9-13:38
145            android:name="com.google.mlkit.common.internal.MlKitInitProvider"
145-->[com.google.mlkit:common:18.0.0] AndroidManifest.xml:10:13-78
146            android:authorities="com.example.demo.mlkitinitprovider"
146-->[com.google.mlkit:common:18.0.0] AndroidManifest.xml:11:13-69
147            android:exported="false"
147-->[com.google.mlkit:common:18.0.0] AndroidManifest.xml:12:13-37
148            android:initOrder="99" />
148-->[com.google.mlkit:common:18.0.0] AndroidManifest.xml:13:13-35
149
150        <service
150-->[com.google.android.datatransport:transport-backend-cct:2.3.3] AndroidManifest.xml:29:9-35:19
151            android:name="com.google.android.datatransport.runtime.backends.TransportBackendDiscovery"
151-->[com.google.android.datatransport:transport-backend-cct:2.3.3] AndroidManifest.xml:30:13-103
152            android:exported="false" >
152-->[com.google.android.datatransport:transport-backend-cct:2.3.3] AndroidManifest.xml:31:13-37
153            <meta-data
153-->[com.google.android.datatransport:transport-backend-cct:2.3.3] AndroidManifest.xml:32:13-34:39
154                android:name="backend:com.google.android.datatransport.cct.CctBackendFactory"
154-->[com.google.android.datatransport:transport-backend-cct:2.3.3] AndroidManifest.xml:33:17-94
155                android:value="cct" />
155-->[com.google.android.datatransport:transport-backend-cct:2.3.3] AndroidManifest.xml:34:17-36
156        </service>
157
158        <activity
158-->[com.google.firebase:firebase-auth:22.2.0] AndroidManifest.xml:29:9-46:20
159            android:name="com.google.firebase.auth.internal.GenericIdpActivity"
159-->[com.google.firebase:firebase-auth:22.2.0] AndroidManifest.xml:30:13-80
160            android:excludeFromRecents="true"
160-->[com.google.firebase:firebase-auth:22.2.0] AndroidManifest.xml:31:13-46
161            android:exported="true"
161-->[com.google.firebase:firebase-auth:22.2.0] AndroidManifest.xml:32:13-36
162            android:launchMode="singleTask"
162-->[com.google.firebase:firebase-auth:22.2.0] AndroidManifest.xml:33:13-44
163            android:theme="@android:style/Theme.Translucent.NoTitleBar" >
163-->[com.google.firebase:firebase-auth:22.2.0] AndroidManifest.xml:34:13-72
164            <intent-filter>
164-->[com.google.firebase:firebase-auth:22.2.0] AndroidManifest.xml:35:13-45:29
165                <action android:name="android.intent.action.VIEW" />
165-->[com.google.firebase:firebase-auth:22.2.0] AndroidManifest.xml:36:17-69
165-->[com.google.firebase:firebase-auth:22.2.0] AndroidManifest.xml:36:25-66
166
167                <category android:name="android.intent.category.DEFAULT" />
167-->[com.google.firebase:firebase-auth:22.2.0] AndroidManifest.xml:38:17-76
167-->[com.google.firebase:firebase-auth:22.2.0] AndroidManifest.xml:38:27-73
168                <category android:name="android.intent.category.BROWSABLE" />
168-->[com.google.firebase:firebase-auth:22.2.0] AndroidManifest.xml:39:17-78
168-->[com.google.firebase:firebase-auth:22.2.0] AndroidManifest.xml:39:27-75
169
170                <data
170-->[com.google.firebase:firebase-auth:22.2.0] AndroidManifest.xml:41:17-44:51
171                    android:host="firebase.auth"
171-->[com.google.firebase:firebase-auth:22.2.0] AndroidManifest.xml:42:21-49
172                    android:path="/"
172-->[com.google.firebase:firebase-auth:22.2.0] AndroidManifest.xml:43:21-37
173                    android:scheme="genericidp" />
173-->[com.google.firebase:firebase-auth:22.2.0] AndroidManifest.xml:44:21-48
174            </intent-filter>
175        </activity>
176        <activity
176-->[com.google.firebase:firebase-auth:22.2.0] AndroidManifest.xml:47:9-64:20
177            android:name="com.google.firebase.auth.internal.RecaptchaActivity"
177-->[com.google.firebase:firebase-auth:22.2.0] AndroidManifest.xml:48:13-79
178            android:excludeFromRecents="true"
178-->[com.google.firebase:firebase-auth:22.2.0] AndroidManifest.xml:49:13-46
179            android:exported="true"
179-->[com.google.firebase:firebase-auth:22.2.0] AndroidManifest.xml:50:13-36
180            android:launchMode="singleTask"
180-->[com.google.firebase:firebase-auth:22.2.0] AndroidManifest.xml:51:13-44
181            android:theme="@android:style/Theme.Translucent.NoTitleBar" >
181-->[com.google.firebase:firebase-auth:22.2.0] AndroidManifest.xml:52:13-72
182            <intent-filter>
182-->[com.google.firebase:firebase-auth:22.2.0] AndroidManifest.xml:53:13-63:29
183                <action android:name="android.intent.action.VIEW" />
183-->[com.google.firebase:firebase-auth:22.2.0] AndroidManifest.xml:36:17-69
183-->[com.google.firebase:firebase-auth:22.2.0] AndroidManifest.xml:36:25-66
184
185                <category android:name="android.intent.category.DEFAULT" />
185-->[com.google.firebase:firebase-auth:22.2.0] AndroidManifest.xml:38:17-76
185-->[com.google.firebase:firebase-auth:22.2.0] AndroidManifest.xml:38:27-73
186                <category android:name="android.intent.category.BROWSABLE" />
186-->[com.google.firebase:firebase-auth:22.2.0] AndroidManifest.xml:39:17-78
186-->[com.google.firebase:firebase-auth:22.2.0] AndroidManifest.xml:39:27-75
187
188                <data
188-->[com.google.firebase:firebase-auth:22.2.0] AndroidManifest.xml:41:17-44:51
189                    android:host="firebase.auth"
189-->[com.google.firebase:firebase-auth:22.2.0] AndroidManifest.xml:42:21-49
190                    android:path="/"
190-->[com.google.firebase:firebase-auth:22.2.0] AndroidManifest.xml:43:21-37
191                    android:scheme="recaptcha" />
191-->[com.google.firebase:firebase-auth:22.2.0] AndroidManifest.xml:44:21-48
192            </intent-filter>
193        </activity>
194
195        <property
195-->[com.google.android.gms:play-services-measurement-api:21.5.0] AndroidManifest.xml:30:9-32:61
196            android:name="android.adservices.AD_SERVICES_CONFIG"
196-->[com.google.android.gms:play-services-measurement-api:21.5.0] AndroidManifest.xml:31:13-65
197            android:resource="@xml/ga_ad_services_config" />
197-->[com.google.android.gms:play-services-measurement-api:21.5.0] AndroidManifest.xml:32:13-58
198
199        <provider
199-->[com.google.firebase:firebase-common:20.4.2] AndroidManifest.xml:23:9-28:39
200            android:name="com.google.firebase.provider.FirebaseInitProvider"
200-->[com.google.firebase:firebase-common:20.4.2] AndroidManifest.xml:24:13-77
201            android:authorities="com.example.demo.firebaseinitprovider"
201-->[com.google.firebase:firebase-common:20.4.2] AndroidManifest.xml:25:13-72
202            android:directBootAware="true"
202-->[com.google.firebase:firebase-common:20.4.2] AndroidManifest.xml:26:13-43
203            android:exported="false"
203-->[com.google.firebase:firebase-common:20.4.2] AndroidManifest.xml:27:13-37
204            android:initOrder="100" />
204-->[com.google.firebase:firebase-common:20.4.2] AndroidManifest.xml:28:13-36
205
206        <activity
206-->[com.google.android.gms:play-services-auth:20.7.0] AndroidManifest.xml:23:9-27:75
207            android:name="com.google.android.gms.auth.api.signin.internal.SignInHubActivity"
207-->[com.google.android.gms:play-services-auth:20.7.0] AndroidManifest.xml:24:13-93
208            android:excludeFromRecents="true"
208-->[com.google.android.gms:play-services-auth:20.7.0] AndroidManifest.xml:25:13-46
209            android:exported="false"
209-->[com.google.android.gms:play-services-auth:20.7.0] AndroidManifest.xml:26:13-37
210            android:theme="@android:style/Theme.Translucent.NoTitleBar" />
210-->[com.google.android.gms:play-services-auth:20.7.0] AndroidManifest.xml:27:13-72
211        <!--
212            Service handling Google Sign-In user revocation. For apps that do not integrate with
213            Google Sign-In, this service will never be started.
214        -->
215        <service
215-->[com.google.android.gms:play-services-auth:20.7.0] AndroidManifest.xml:33:9-37:51
216            android:name="com.google.android.gms.auth.api.signin.RevocationBoundService"
216-->[com.google.android.gms:play-services-auth:20.7.0] AndroidManifest.xml:34:13-89
217            android:exported="true"
217-->[com.google.android.gms:play-services-auth:20.7.0] AndroidManifest.xml:35:13-36
218            android:permission="com.google.android.gms.auth.api.signin.permission.REVOCATION_NOTIFICATION"
218-->[com.google.android.gms:play-services-auth:20.7.0] AndroidManifest.xml:36:13-107
219            android:visibleToInstantApps="true" />
219-->[com.google.android.gms:play-services-auth:20.7.0] AndroidManifest.xml:37:13-48
220
221        <receiver
221-->[com.google.android.gms:play-services-measurement:21.5.0] AndroidManifest.xml:29:9-33:20
222            android:name="com.google.android.gms.measurement.AppMeasurementReceiver"
222-->[com.google.android.gms:play-services-measurement:21.5.0] AndroidManifest.xml:30:13-85
223            android:enabled="true"
223-->[com.google.android.gms:play-services-measurement:21.5.0] AndroidManifest.xml:31:13-35
224            android:exported="false" >
224-->[com.google.android.gms:play-services-measurement:21.5.0] AndroidManifest.xml:32:13-37
225        </receiver>
226
227        <service
227-->[com.google.android.gms:play-services-measurement:21.5.0] AndroidManifest.xml:35:9-38:40
228            android:name="com.google.android.gms.measurement.AppMeasurementService"
228-->[com.google.android.gms:play-services-measurement:21.5.0] AndroidManifest.xml:36:13-84
229            android:enabled="true"
229-->[com.google.android.gms:play-services-measurement:21.5.0] AndroidManifest.xml:37:13-35
230            android:exported="false" />
230-->[com.google.android.gms:play-services-measurement:21.5.0] AndroidManifest.xml:38:13-37
231        <service
231-->[com.google.android.gms:play-services-measurement:21.5.0] AndroidManifest.xml:39:9-43:72
232            android:name="com.google.android.gms.measurement.AppMeasurementJobService"
232-->[com.google.android.gms:play-services-measurement:21.5.0] AndroidManifest.xml:40:13-87
233            android:enabled="true"
233-->[com.google.android.gms:play-services-measurement:21.5.0] AndroidManifest.xml:41:13-35
234            android:exported="false"
234-->[com.google.android.gms:play-services-measurement:21.5.0] AndroidManifest.xml:42:13-37
235            android:permission="android.permission.BIND_JOB_SERVICE" />
235-->[com.google.android.gms:play-services-measurement:21.5.0] AndroidManifest.xml:43:13-69
236
237        <activity
237-->[com.google.android.gms:play-services-base:18.0.1] AndroidManifest.xml:20:9-22:45
238            android:name="com.google.android.gms.common.api.GoogleApiActivity"
238-->[com.google.android.gms:play-services-base:18.0.1] AndroidManifest.xml:20:19-85
239            android:exported="false"
239-->[com.google.android.gms:play-services-base:18.0.1] AndroidManifest.xml:22:19-43
240            android:theme="@android:style/Theme.Translucent.NoTitleBar" />
240-->[com.google.android.gms:play-services-base:18.0.1] AndroidManifest.xml:21:19-78
241
242        <uses-library
242-->[androidx.privacysandbox.ads:ads-adservices:1.0.0-beta05] AndroidManifest.xml:23:9-25:40
243            android:name="android.ext.adservices"
243-->[androidx.privacysandbox.ads:ads-adservices:1.0.0-beta05] AndroidManifest.xml:24:13-50
244            android:required="false" />
244-->[androidx.privacysandbox.ads:ads-adservices:1.0.0-beta05] AndroidManifest.xml:25:13-37
245
246        <service
246-->[androidx.camera:camera-camera2:1.1.0] AndroidManifest.xml:26:9-35:19
247            android:name="androidx.camera.core.impl.MetadataHolderService"
247-->[androidx.camera:camera-camera2:1.1.0] AndroidManifest.xml:27:13-75
248            android:enabled="false"
248-->[androidx.camera:camera-camera2:1.1.0] AndroidManifest.xml:28:13-36
249            android:exported="false" >
249-->[androidx.camera:camera-camera2:1.1.0] AndroidManifest.xml:29:13-37
250            <meta-data
250-->[androidx.camera:camera-camera2:1.1.0] AndroidManifest.xml:32:13-34:89
251                android:name="androidx.camera.core.impl.MetadataHolderService.DEFAULT_CONFIG_PROVIDER"
251-->[androidx.camera:camera-camera2:1.1.0] AndroidManifest.xml:33:17-103
252                android:value="androidx.camera.camera2.Camera2Config$DefaultProvider" />
252-->[androidx.camera:camera-camera2:1.1.0] AndroidManifest.xml:34:17-86
253        </service>
254
255        <provider
255-->[androidx.emoji2:emoji2:1.0.0] AndroidManifest.xml:26:9-34:20
256            android:name="androidx.startup.InitializationProvider"
256-->[androidx.emoji2:emoji2:1.0.0] AndroidManifest.xml:27:13-67
257            android:authorities="com.example.demo.androidx-startup"
257-->[androidx.emoji2:emoji2:1.0.0] AndroidManifest.xml:28:13-68
258            android:exported="false" >
258-->[androidx.emoji2:emoji2:1.0.0] AndroidManifest.xml:29:13-37
259            <meta-data
259-->[androidx.emoji2:emoji2:1.0.0] AndroidManifest.xml:31:13-33:52
260                android:name="androidx.emoji2.text.EmojiCompatInitializer"
260-->[androidx.emoji2:emoji2:1.0.0] AndroidManifest.xml:32:17-75
261                android:value="androidx.startup" />
261-->[androidx.emoji2:emoji2:1.0.0] AndroidManifest.xml:33:17-49
262            <meta-data
262-->[androidx.lifecycle:lifecycle-process:2.6.1] AndroidManifest.xml:29:13-31:52
263                android:name="androidx.lifecycle.ProcessLifecycleInitializer"
263-->[androidx.lifecycle:lifecycle-process:2.6.1] AndroidManifest.xml:30:17-78
264                android:value="androidx.startup" />
264-->[androidx.lifecycle:lifecycle-process:2.6.1] AndroidManifest.xml:31:17-49
265            <meta-data
265-->[androidx.profileinstaller:profileinstaller:1.3.0] AndroidManifest.xml:29:13-31:52
266                android:name="androidx.profileinstaller.ProfileInstallerInitializer"
266-->[androidx.profileinstaller:profileinstaller:1.3.0] AndroidManifest.xml:30:17-85
267                android:value="androidx.startup" />
267-->[androidx.profileinstaller:profileinstaller:1.3.0] AndroidManifest.xml:31:17-49
268        </provider>
269
270        <uses-library
270-->[androidx.window:window:1.0.0-beta04] AndroidManifest.xml:25:9-27:40
271            android:name="androidx.window.extensions"
271-->[androidx.window:window:1.0.0-beta04] AndroidManifest.xml:26:13-54
272            android:required="false" />
272-->[androidx.window:window:1.0.0-beta04] AndroidManifest.xml:27:13-37
273        <uses-library
273-->[androidx.window:window:1.0.0-beta04] AndroidManifest.xml:28:9-30:40
274            android:name="androidx.window.sidecar"
274-->[androidx.window:window:1.0.0-beta04] AndroidManifest.xml:29:13-51
275            android:required="false" />
275-->[androidx.window:window:1.0.0-beta04] AndroidManifest.xml:30:13-37
276
277        <meta-data
277-->[com.google.android.gms:play-services-basement:18.2.0] AndroidManifest.xml:21:9-23:69
278            android:name="com.google.android.gms.version"
278-->[com.google.android.gms:play-services-basement:18.2.0] AndroidManifest.xml:22:13-58